2013-04-18 01:12:58,693 - Log4JLogChute initialized using file 'velocity.log'
2013-04-18 01:12:58,693 - Velocity was not initialized! Calling init()...
2013-04-18 01:12:58,693 - Starting Apache Velocity v1.5 (compiled: 2007-02-22 08:52:29)
2013-04-18 01:12:58,693 - Default Properties File: org/apache/velocity/runtime/defaults/velocity.properties
2013-04-18 01:12:58,693 - Trying to use logger class org.apache.velocity.runtime.log.AvalonLogChute
2013-04-18 01:12:58,704 - Couldn't find class org.apache.velocity.runtime.log.AvalonLogChute or necessary supporting classes in classpath.
java.lang.NoClassDefFoundError: org/apache/log/format/Formatter
	at java.lang.Class.forName0(Native Method)
	at java.lang.Class.forName(Class.java:249)
	at org.apache.velocity.util.ClassUtils.getClass(ClassUtils.java:63)
	at org.apache.velocity.util.ClassUtils.getNewInstance(ClassUtils.java:95)
	at org.apache.velocity.runtime.log.LogManager.createLogChute(LogManager.java:147)
	at org.apache.velocity.runtime.log.LogManager.updateLog(LogManager.java:208)
	at org.apache.velocity.runtime.RuntimeInstance.initializeLog(RuntimeInstance.java:728)
	at org.apache.velocity.runtime.RuntimeInstance.init(RuntimeInstance.java:240)
	at org.apache.velocity.runtime.RuntimeInstance.parse(RuntimeInstance.java:993)
	at org.apache.velocity.runtime.RuntimeInstance.parse(RuntimeInstance.java:972)
	at org.apache.velocity.runtime.RuntimeSingleton.parse(RuntimeSingleton.java:265)
	at org.apache.velocity.app.Velocity.evaluate(Velocity.java:274)
	at org.sonatype.weather.YahooFormatter.format(YahooFormatter.java:18)
	at org.sonatype.weather.Main.start(Main.java:32)
	at org.sonatype.weather.Main.main(Main.java:17)
	at sun.reflect.NativeMethodAccessorImpl.invoke0(Native Method)
	at sun.reflect.NativeMethodAccessorImpl.invoke(NativeMethodAccessorImpl.java:39)
	at sun.reflect.DelegatingMethodAccessorImpl.invoke(DelegatingMethodAccessorImpl.java:25)
	at java.lang.reflect.Method.invoke(Method.java:597)
	at org.codehaus.mojo.exec.ExecJavaMojo$1.run(ExecJavaMojo.java:297)
	at java.lang.Thread.run(Thread.java:680)
Caused by: java.lang.ClassNotFoundException: org.apache.log.format.Formatter
	at java.net.URLClassLoader$1.run(URLClassLoader.java:202)
	at java.security.AccessController.doPrivileged(Native Method)
	at java.net.URLClassLoader.findClass(URLClassLoader.java:190)
	at java.lang.ClassLoader.loadClass(ClassLoader.java:306)
	at java.lang.ClassLoader.loadClass(ClassLoader.java:247)
	... 21 more
2013-04-18 01:12:58,706 - Trying to use logger class org.apache.velocity.runtime.log.Log4JLogChute
2013-04-18 01:12:58,706 - Using logger class org.apache.velocity.runtime.log.Log4JLogChute
2013-04-18 01:12:58,708 - Default ResourceManager initializing. (class org.apache.velocity.runtime.resource.ResourceManagerImpl)
2013-04-18 01:12:58,735 - ResourceLoader instantiated: org.apache.velocity.runtime.resource.loader.FileResourceLoader
2013-04-18 01:12:58,737 - Do unicode file recognition:  false
2013-04-18 01:12:58,737 - FileResourceLoader : adding path '.'
2013-04-18 01:12:58,757 - ResourceCache: initialized (class org.apache.velocity.runtime.resource.ResourceCacheImpl)
2013-04-18 01:12:58,771 - Loaded System Directive: org.apache.velocity.runtime.directive.Literal
2013-04-18 01:12:58,773 - Loaded System Directive: org.apache.velocity.runtime.directive.Macro
2013-04-18 01:12:58,775 - Loaded System Directive: org.apache.velocity.runtime.directive.Parse
2013-04-18 01:12:58,776 - Loaded System Directive: org.apache.velocity.runtime.directive.Include
2013-04-18 01:12:58,777 - Loaded System Directive: org.apache.velocity.runtime.directive.Foreach
2013-04-18 01:12:58,831 - Created '20' parsers.
2013-04-18 01:12:58,839 - Velocimacro : "velocimacro.library" is not set.  Trying default library: VM_global_library.vm
2013-04-18 01:12:58,839 - Velocimacro : Default library not found.
2013-04-18 01:12:58,839 - Velocimacro : allowInline = true : VMs can be defined inline in templates
2013-04-18 01:12:58,839 - Velocimacro : allowInlineToOverride = false : VMs defined inline may NOT replace previous VM definitions
2013-04-18 01:12:58,840 - Velocimacro : allowInlineLocal = false : VMs defined inline will be global in scope if allowed.
2013-04-18 01:12:58,840 - Velocimacro : autoload off : VM system will not automatically reload global library macros
2013-04-18 01:21:30,957 - Log4JLogChute initialized using file 'velocity.log'
2013-04-18 01:21:30,957 - Velocity was not initialized! Calling init()...
2013-04-18 01:21:30,957 - Starting Apache Velocity v1.5 (compiled: 2007-02-22 08:52:29)
2013-04-18 01:21:30,957 - Default Properties File: org/apache/velocity/runtime/defaults/velocity.properties
2013-04-18 01:21:30,957 - Trying to use logger class org.apache.velocity.runtime.log.AvalonLogChute
2013-04-18 01:21:30,959 - Couldn't find class org.apache.velocity.runtime.log.AvalonLogChute or necessary supporting classes in classpath.
java.lang.NoClassDefFoundError: org/apache/log/format/Formatter
	at java.lang.Class.forName0(Native Method)
	at java.lang.Class.forName(Class.java:249)
	at org.apache.velocity.util.ClassUtils.getClass(ClassUtils.java:63)
	at org.apache.velocity.util.ClassUtils.getNewInstance(ClassUtils.java:95)
	at org.apache.velocity.runtime.log.LogManager.createLogChute(LogManager.java:147)
	at org.apache.velocity.runtime.log.LogManager.updateLog(LogManager.java:208)
	at org.apache.velocity.runtime.RuntimeInstance.initializeLog(RuntimeInstance.java:728)
	at org.apache.velocity.runtime.RuntimeInstance.init(RuntimeInstance.java:240)
	at org.apache.velocity.runtime.RuntimeInstance.parse(RuntimeInstance.java:993)
	at org.apache.velocity.runtime.RuntimeInstance.parse(RuntimeInstance.java:972)
	at org.apache.velocity.runtime.RuntimeSingleton.parse(RuntimeSingleton.java:265)
	at org.apache.velocity.app.Velocity.evaluate(Velocity.java:274)
	at org.sonatype.weather.YahooFormatter.format(YahooFormatter.java:18)
	at org.sonatype.weather.Main.start(Main.java:32)
	at org.sonatype.weather.Main.main(Main.java:17)
	at sun.reflect.NativeMethodAccessorImpl.invoke0(Native Method)
	at sun.reflect.NativeMethodAccessorImpl.invoke(NativeMethodAccessorImpl.java:39)
	at sun.reflect.DelegatingMethodAccessorImpl.invoke(DelegatingMethodAccessorImpl.java:25)
	at java.lang.reflect.Method.invoke(Method.java:597)
	at org.codehaus.mojo.exec.ExecJavaMojo$1.run(ExecJavaMojo.java:297)
	at java.lang.Thread.run(Thread.java:680)
Caused by: java.lang.ClassNotFoundException: org.apache.log.format.Formatter
	at java.net.URLClassLoader$1.run(URLClassLoader.java:202)
	at java.security.AccessController.doPrivileged(Native Method)
	at java.net.URLClassLoader.findClass(URLClassLoader.java:190)
	at java.lang.ClassLoader.loadClass(ClassLoader.java:306)
	at java.lang.ClassLoader.loadClass(ClassLoader.java:247)
	... 21 more
2013-04-18 01:21:30,961 - Trying to use logger class org.apache.velocity.runtime.log.Log4JLogChute
2013-04-18 01:21:30,961 - Using logger class org.apache.velocity.runtime.log.Log4JLogChute
2013-04-18 01:21:30,963 - Default ResourceManager initializing. (class org.apache.velocity.runtime.resource.ResourceManagerImpl)
2013-04-18 01:21:30,967 - ResourceLoader instantiated: org.apache.velocity.runtime.resource.loader.FileResourceLoader
2013-04-18 01:21:30,969 - Do unicode file recognition:  false
2013-04-18 01:21:30,969 - FileResourceLoader : adding path '.'
2013-04-18 01:21:30,989 - ResourceCache: initialized (class org.apache.velocity.runtime.resource.ResourceCacheImpl)
2013-04-18 01:21:30,990 - Loaded System Directive: org.apache.velocity.runtime.directive.Literal
2013-04-18 01:21:30,991 - Loaded System Directive: org.apache.velocity.runtime.directive.Macro
2013-04-18 01:21:30,992 - Loaded System Directive: org.apache.velocity.runtime.directive.Parse
2013-04-18 01:21:30,993 - Loaded System Directive: org.apache.velocity.runtime.directive.Include
2013-04-18 01:21:30,994 - Loaded System Directive: org.apache.velocity.runtime.directive.Foreach
2013-04-18 01:21:31,024 - Created '20' parsers.
2013-04-18 01:21:31,031 - Velocimacro : "velocimacro.library" is not set.  Trying default library: VM_global_library.vm
2013-04-18 01:21:31,031 - Velocimacro : Default library not found.
2013-04-18 01:21:31,031 - Velocimacro : allowInline = true : VMs can be defined inline in templates
2013-04-18 01:21:31,031 - Velocimacro : allowInlineToOverride = false : VMs defined inline may NOT replace previous VM definitions
2013-04-18 01:21:31,031 - Velocimacro : allowInlineLocal = false : VMs defined inline will be global in scope if allowed.
2013-04-18 01:21:31,031 - Velocimacro : autoload off : VM system will not automatically reload global library macros
